#
# There is insufficient memory for the Java Runtime Environment to continue.
# Native memory allocation (malloc) failed to allocate 1789584 bytes. Error detail: Chunk::new
# Possible reasons:
#   The system is out of physical RAM or swap space
#   This process is running with CompressedOops enabled, and the Java Heap may be blocking the growth of the native heap
# Possible solutions:
#   Reduce memory load on the system
#   Increase physical memory or swap space
#   Check if swap backing store is full
#   Decrease Java heap size (-Xmx/-Xms)
#   Decrease number of Java threads
#   Decrease Java thread stack sizes (-Xss)
#   Set larger code cache with -XX:ReservedCodeCacheSize=
#   JVM is running with Unscaled Compressed Oops mode in which the Java heap is
#     placed in the first 4GB address space. The Java Heap base address is the
#     maximum limit for the native heap growth. Please use -XX:HeapBaseMinAddress
#     to set the Java Heap base and to place the Java Heap above 4GB virtual address.
# This output file may be truncated or incomplete.
#
#  Out of Memory Error (arena.cpp:168), pid=12468, tid=32136
#
# JRE version: OpenJDK Runtime Environment Temurin-21.0.9+10 (21.0.9+10) (build 21.0.9+10-LTS)
# Java VM: OpenJDK 64-Bit Server VM Temurin-21.0.9+10 (21.0.9+10-LTS, mixed mode, sharing, tiered, compressed oops, compressed class ptrs, parallel gc, windows-amd64)
# No core dump will be written. Minidumps are not enabled by default on client versions of Windows
#

---------------  S U M M A R Y ------------

Command Line: --add-modules=ALL-SYSTEM --add-opens=java.base/java.util=ALL-UNNAMED --add-opens=java.base/java.lang=ALL-UNNAMED --add-opens=java.base/sun.nio.fs=ALL-UNNAMED -Declipse.application=org.eclipse.jdt.ls.core.id1 -Dosgi.bundles.defaultStartLevel=4 -Declipse.product=org.eclipse.jdt.ls.core.product -Djava.import.generatesMetadataFilesAtProjectRoot=false -DDetectVMInstallationsJob.disabled=true -Dfile.encoding=utf8 -XX:+UseParallelGC -XX:GCTimeRatio=4 -XX:AdaptiveSizePolicyWeight=90 -Dsun.zip.disableMemoryMapping=true -Xmx2G -Xms100m -Xlog:disable -javaagent:c:\Users\HaimP\.vscode\extensions\redhat.java-1.52.0-win32-x64\lombok\lombok-1.18.39-4050.jar -XX:+HeapDumpOnOutOfMemoryError -XX:HeapDumpPath=c:\Users\HaimP\AppData\Roaming\Code\User\workspaceStorage\093fb4ab68852d541fbb6ab81ac84372\redhat.java -Daether.dependencyCollector.impl=bf c:\Users\HaimP\.vscode\extensions\redhat.java-1.52.0-win32-x64\server\plugins\org.eclipse.equinox.launcher_1.7.100.v20251111-0406.jar -configuration c:\Users\HaimP\AppData\Roaming\Code\User\globalStorage\redhat.java\1.52.0\config_win -data c:\Users\HaimP\AppData\Roaming\Code\User\workspaceStorage\093fb4ab68852d541fbb6ab81ac84372\redhat.java\jdt_ws --pipe=\\.\pipe\lsp-bec5192fa53e4965ad3329b0333ca196-sock

Host: Intel(R) Core(TM) i5-9300H CPU @ 2.40GHz, 8 cores, 7G,  Windows 11 , 64 bit Build 26100 (10.0.26100.7705)
Time: Tue Feb 17 21:15:46 2026 Hora verano Sudamérica Pacífico elapsed time: 53.507842 seconds (0d 0h 0m 53s)

---------------  T H R E A D  ---------------

Current thread (0x000001cba33809f0):  JavaThread "C2 CompilerThread0" daemon [_thread_in_native, id=32136, stack(0x0000002758100000,0x0000002758200000) (1024K)]


Current CompileTask:
C2:53507 14308       4       org.eclipse.jdt.internal.compiler.lookup.BinaryTypeBinding::createMethod (1666 bytes)

Stack: [0x0000002758100000,0x0000002758200000]
Native frames: (J=compiled Java code, j=interpreted, Vv=VM code, C=native code)
V  [jvm.dll+0x6d6e29]
V  [jvm.dll+0x8b4b76]
V  [jvm.dll+0x8b712e]
V  [jvm.dll+0x8b7813]
V  [jvm.dll+0x283d86]
V  [jvm.dll+0xc66ed]
V  [jvm.dll+0xc6c31]
V  [jvm.dll+0x3be53b]
V  [jvm.dll+0x1e3d59]
V  [jvm.dll+0x24c0f3]
V  [jvm.dll+0x24b580]
V  [jvm.dll+0x1cb13e]
V  [jvm.dll+0x25b29d]
V  [jvm.dll+0x25982a]
V  [jvm.dll+0x3f7ea6]
V  [jvm.dll+0x85e9ad]
V  [jvm.dll+0x6d565d]
C  [ucrtbase.dll+0x37b0]
C  [KERNEL32.DLL+0x2e8d7]
C  [ntdll.dll+0x8c40c]


---------------  P R O C E S S  ---------------

Threads class SMR info:
_java_thread_list=0x000001cbfe017790, length=52, elements={
0x000001cba10a6650, 0x000001cba34ae530, 0x000001cba336d230, 0x000001cba3377380,
0x000001cba3379450, 0x000001cba3378730, 0x000001cba33780a0, 0x000001cba33809f0,
0x000001cbfc6b0a70, 0x000001cba3379ae0, 0x000001cba3376660, 0x000001cba3378dc0,
0x000001cba3376cf0, 0x000001cbfd07a100, 0x000001cbfd0786c0, 0x000001cbfd0793e0,
0x000001cbfd07a790, 0x000001cbfd078d50, 0x000001cbfd079a70, 0x000001cbfd07ae20,
0x000001cbfd078030, 0x000001cbfd07b4b0, 0x000001cbfd07dc10, 0x000001cbfd07cef0,
0x000001cbfd07e2a0, 0x000001cbfd07c860, 0x000001cbfd07d580, 0x000001cbfd07e930,
0x000001cbfd07efc0, 0x000001cbfd07bb40, 0x000001cbfd07f650, 0x000001cbfea99d80,
0x000001cbfea9b7c0, 0x000001cbfea9be50, 0x000001cbfea9c4e0, 0x000001cbfea99060,
0x000001cbfea9cb70, 0x000001cbfea996f0, 0x000001cbfea9d200, 0x000001cbfea9ec40,
0x000001cbfea9f960, 0x000001cbfeaa0680, 0x000001cbfdad3610, 0x000001cbfdad3ca0,
0x000001cbfdad5050, 0x000001cbfdad4330, 0x000001cbfdad56e0, 0x000001cbfdad49c0,
0x000001cbfdad5d70, 0x000001cbfdad6400, 0x000001cbfdad2f80, 0x000001cb8489fcc0
}

Java Threads: ( => current thread )
  0x000001cba10a6650 JavaThread "main"                              [_thread_blocked, id=26560, stack(0x0000002757700000,0x0000002757800000) (1024K)]
  0x000001cba34ae530 JavaThread "Reference Handler"          daemon [_thread_blocked, id=36352, stack(0x0000002757b00000,0x0000002757c00000) (1024K)]
  0x000001cba336d230 JavaThread "Finalizer"                  daemon [_thread_blocked, id=35724, stack(0x0000002757c00000,0x0000002757d00000) (1024K)]
  0x000001cba3377380 JavaThread "Signal Dispatcher"          daemon [_thread_blocked, id=19208, stack(0x0000002757d00000,0x0000002757e00000) (1024K)]
  0x000001cba3379450 JavaThread "Attach Listener"            daemon [_thread_blocked, id=35740, stack(0x0000002757e00000,0x0000002757f00000) (1024K)]
  0x000001cba3378730 JavaThread "Service Thread"             daemon [_thread_blocked, id=14552, stack(0x0000002757f00000,0x0000002758000000) (1024K)]
  0x000001cba33780a0 JavaThread "Monitor Deflation Thread"   daemon [_thread_blocked, id=26552, stack(0x0000002758000000,0x0000002758100000) (1024K)]
=>0x000001cba33809f0 JavaThread "C2 CompilerThread0"         daemon [_thread_in_native, id=32136, stack(0x0000002758100000,0x0000002758200000) (1024K)]
  0x000001cbfc6b0a70 JavaThread "C1 CompilerThread0"         daemon [_thread_blocked, id=32152, stack(0x0000002758200000,0x0000002758300000) (1024K)]
  0x000001cba3379ae0 JavaThread "Common-Cleaner"             daemon [_thread_blocked, id=24892, stack(0x0000002758400000,0x0000002758500000) (1024K)]
  0x000001cba3376660 JavaThread "Notification Thread"        daemon [_thread_blocked, id=34136, stack(0x0000002758500000,0x0000002758600000) (1024K)]
  0x000001cba3378dc0 JavaThread "Active Thread: Equinox Container: 44ed0002-42da-4c68-affa-d9e3f8ed2ac9"        [_thread_blocked, id=36384, stack(0x0000002758c00000,0x0000002758d00000) (1024K)]
  0x000001cba3376cf0 JavaThread "Refresh Thread: Equinox Container: 44ed0002-42da-4c68-affa-d9e3f8ed2ac9" daemon [_thread_blocked, id=21088, stack(0x0000002758e00000,0x0000002758f00000) (1024K)]
  0x000001cbfd07a100 JavaThread "Framework Event Dispatcher: Equinox Container: 44ed0002-42da-4c68-affa-d9e3f8ed2ac9" daemon [_thread_blocked, id=1536, stack(0x0000002758f00000,0x0000002759000000) (1024K)]
  0x000001cbfd0786c0 JavaThread "Start Level: Equinox Container: 44ed0002-42da-4c68-affa-d9e3f8ed2ac9" daemon [_thread_blocked, id=31768, stack(0x0000002759000000,0x0000002759100000) (1024K)]
  0x000001cbfd0793e0 JavaThread "Bundle File Closer"         daemon [_thread_blocked, id=12204, stack(0x0000002759100000,0x0000002759200000) (1024K)]
  0x000001cbfd07a790 JavaThread "SCR Component Actor"        daemon [_thread_blocked, id=13292, stack(0x0000002759200000,0x0000002759300000) (1024K)]
  0x000001cbfd078d50 JavaThread "Worker-JM"                         [_thread_blocked, id=29208, stack(0x0000002758300000,0x0000002758400000) (1024K)]
  0x000001cbfd079a70 JavaThread "Worker-0"                          [_thread_blocked, id=35764, stack(0x0000002759300000,0x0000002759400000) (1024K)]
  0x000001cbfd07ae20 JavaThread "Worker-1"                          [_thread_blocked, id=33316, stack(0x0000002759400000,0x0000002759500000) (1024K)]
  0x000001cbfd078030 JavaThread "Java indexing"              daemon [_thread_blocked, id=14032, stack(0x0000002759600000,0x0000002759700000) (1024K)]
  0x000001cbfd07b4b0 JavaThread "Worker-2"                          [_thread_blocked, id=23632, stack(0x0000002759700000,0x0000002759800000) (1024K)]
  0x000001cbfd07dc10 JavaThread "JNA Cleaner"                daemon [_thread_blocked, id=36248, stack(0x0000002759800000,0x0000002759900000) (1024K)]
  0x000001cbfd07cef0 JavaThread "Worker-3"                          [_thread_blocked, id=16500, stack(0x0000002759b00000,0x0000002759c00000) (1024K)]
  0x000001cbfd07e2a0 JavaThread "Worker-4"                          [_thread_blocked, id=8740, stack(0x0000002759c00000,0x0000002759d00000) (1024K)]
  0x000001cbfd07c860 JavaThread "Worker-5"                          [_thread_blocked, id=35620, stack(0x0000002759d00000,0x0000002759e00000) (1024K)]
  0x000001cbfd07d580 JavaThread "Worker-6"                          [_thread_blocked, id=21044, stack(0x0000002759e00000,0x0000002759f00000) (1024K)]
  0x000001cbfd07e930 JavaThread "Thread-1"                   daemon [_thread_in_native, id=25252, stack(0x0000002759f00000,0x000000275a000000) (1024K)]
  0x000001cbfd07efc0 JavaThread "Thread-2"                   daemon [_thread_in_native, id=19196, stack(0x000000275a000000,0x000000275a100000) (1024K)]
  0x000001cbfd07bb40 JavaThread "Thread-3"                   daemon [_thread_in_native, id=5596, stack(0x000000275a100000,0x000000275a200000) (1024K)]
  0x000001cbfd07f650 JavaThread "Thread-4"                   daemon [_thread_in_native, id=36468, stack(0x000000275a200000,0x000000275a300000) (1024K)]
  0x000001cbfea99d80 JavaThread "Thread-5"                   daemon [_thread_in_native, id=25008, stack(0x000000275a300000,0x000000275a400000) (1024K)]
  0x000001cbfea9b7c0 JavaThread "Thread-6"                   daemon [_thread_in_native, id=22872, stack(0x000000275a400000,0x000000275a500000) (1024K)]
  0x000001cbfea9be50 JavaThread "Thread-7"                   daemon [_thread_in_native, id=34692, stack(0x000000275a500000,0x000000275a600000) (1024K)]
  0x000001cbfea9c4e0 JavaThread "Thread-8"                   daemon [_thread_in_native, id=4968, stack(0x000000275a600000,0x000000275a700000) (1024K)]
  0x000001cbfea99060 JavaThread "Thread-9"                   daemon [_thread_in_native, id=26392, stack(0x000000275a700000,0x000000275a800000) (1024K)]
  0x000001cbfea9cb70 JavaThread "pool-2-thread-1"                   [_thread_blocked, id=18864, stack(0x000000275a800000,0x000000275a900000) (1024K)]
  0x000001cbfea996f0 JavaThread "WorkspaceEventsHandler"            [_thread_blocked, id=12820, stack(0x000000275aa00000,0x000000275ab00000) (1024K)]
  0x000001cbfea9d200 JavaThread "pool-1-thread-1"                   [_thread_blocked, id=17756, stack(0x000000275ab00000,0x000000275ac00000) (1024K)]
  0x000001cbfea9ec40 JavaThread "Compiler Source File Reader" daemon [_thread_blocked, id=35564, stack(0x000000275ad00000,0x000000275ae00000) (1024K)]
  0x000001cbfea9f960 JavaThread "Compiler Processing Task"   daemon [_thread_blocked, id=26980, stack(0x0000002757500000,0x0000002757600000) (1024K)]
  0x000001cbfeaa0680 JavaThread "Compiler Class File Writer" daemon [_thread_blocked, id=23964, stack(0x000000275ae00000,0x000000275af00000) (1024K)]
  0x000001cbfdad3610 JavaThread "Compiler Source File Reader" daemon [_thread_blocked, id=27572, stack(0x000000275af00000,0x000000275b000000) (1024K)]
  0x000001cbfdad3ca0 JavaThread "Compiler Class File Writer" daemon [_thread_blocked, id=11700, stack(0x000000275b000000,0x000000275b100000) (1024K)]
  0x000001cbfdad5050 JavaThread "ForkJoinPool.commonPool-worker-1" daemon [_thread_blocked, id=32796, stack(0x000000275ac00000,0x000000275ad00000) (1024K)]
  0x000001cbfdad4330 JavaThread "ForkJoinPool.commonPool-worker-2" daemon [_thread_blocked, id=20276, stack(0x000000275b100000,0x000000275b200000) (1024K)]
  0x000001cbfdad56e0 JavaThread "ForkJoinPool.commonPool-worker-3" daemon [_thread_blocked, id=27244, stack(0x000000275b200000,0x000000275b300000) (1024K)]
  0x000001cbfdad49c0 JavaThread "ForkJoinPool.commonPool-worker-4" daemon [_thread_in_vm, id=33816, stack(0x000000275b300000,0x000000275b400000) (1024K)]
  0x000001cbfdad5d70 JavaThread "ForkJoinPool.commonPool-worker-5" daemon [_thread_blocked, id=1748, stack(0x000000275b400000,0x000000275b500000) (1024K)]
  0x000001cbfdad6400 JavaThread "ForkJoinPool.commonPool-worker-6" daemon [_thread_blocked, id=20896, stack(0x000000275b500000,0x000000275b600000) (1024K)]
  0x000001cbfdad2f80 JavaThread "ForkJoinPool.commonPool-worker-7" daemon [_thread_blocked, id=10916, stack(0x000000275b600000,0x000000275b700000) (1024K)]
  0x000001cb8489fcc0 JavaThread "C2 CompilerThread1"         daemon [_thread_in_vm, id=3272, stack(0x0000002759500000,0x0000002759600000) (1024K)]
Total: 52

Other Threads:
  0x000001cba3363120 VMThread "VM Thread"                           [id=31524, stack(0x0000002757a00000,0x0000002757b00000) (1024K)]
  0x000001cba327ca00 WatcherThread "VM Periodic Task Thread"        [id=27992, stack(0x0000002757900000,0x0000002757a00000) (1024K)]
  0x000001cba3416f30 WorkerThread "GC Thread#0"                     [id=32312, stack(0x0000002757800000,0x0000002757900000) (1024K)]
  0x000001cbfcc8fce0 WorkerThread "GC Thread#1"                     [id=11924, stack(0x0000002758600000,0x0000002758700000) (1024K)]
  0x000001cbfcccea40 WorkerThread "GC Thread#2"                     [id=36084, stack(0x0000002758700000,0x0000002758800000) (1024K)]
  0x000001cbfcccede0 WorkerThread "GC Thread#3"                     [id=30232, stack(0x0000002758800000,0x0000002758900000) (1024K)]
  0x000001cbfcccf180 WorkerThread "GC Thread#4"                     [id=26112, stack(0x0000002758900000,0x0000002758a00000) (1024K)]
  0x000001cbfcccf930 WorkerThread "GC Thread#5"                     [id=15780, stack(0x0000002758a00000,0x0000002758b00000) (1024K)]
  0x000001cbfccfd310 WorkerThread "GC Thread#6"                     [id=5388, stack(0x0000002758b00000,0x0000002758c00000) (1024K)]
  0x000001cbfcc7fdb0 WorkerThread "GC Thread#7"                     [id=30564, stack(0x0000002758d00000,0x0000002758e00000) (1024K)]
Total: 10

Threads with active compile tasks:
C2 CompilerThread0  53558 14308       4       org.eclipse.jdt.internal.compiler.lookup.BinaryTypeBinding::createMethod (1666 bytes)
C2 CompilerThread1  53558 14125   !   4       org.eclipse.jdt.internal.core.NameLookup::getModuleDescription (232 bytes)
Total: 2

VM state: not at safepoint (normal execution)

VM Mutex/Monitor currently owned by a thread: None

Heap address: 0x0000000080000000, size: 2048 MB, Compressed Oops mode: 32-bit

CDS archive(s) mapped at: [0x000001cbba000000-0x000001cbbaba0000-0x000001cbbaba0000), size 12189696, SharedBaseAddress: 0x000001cbba000000, ArchiveRelocationMode: 1.
Compressed class space mapped at: 0x000001cbbb000000-0x000001cbfb000000, reserved size: 1073741824
Narrow klass base: 0x000001cbba000000, Narrow klass shift: 0, Narrow klass range: 0x100000000

GC Precious Log:
 CardTable entry size: 512
 CPUs: 8 total, 8 available
 Memory: 8043M
 Large Page Support: Disabled
 NUMA Support: Disabled
 Compressed Oops: Enabled (32-bit)
 Alignments: Space 512K, Generation 512K, Heap 2M
 Heap Min Capacity: 100M
 Heap Initial Capacity: 100M
 Heap Max Capacity: 2G
 Pre-touch: Disabled
 Parallel Workers: 8

Heap:
 PSYoungGen      total 14848K, used 11925K [0x00000000d5580000, 0x00000000d6700000, 0x0000000100000000)
  eden space 13824K, 81% used [0x00000000d5580000,0x00000000d608d7f0,0x00000000d6300000)
  from space 1024K, 59% used [0x00000000d6600000,0x00000000d6698000,0x00000000d6700000)
  to   space 1024K, 0% used [0x00000000d6500000,0x00000000d6500000,0x00000000d6600000)
 ParOldGen       total 804352K, used 804281K [0x0000000080000000, 0x00000000b1180000, 0x00000000d5580000)
  object space 804352K, 99% used [0x0000000080000000,0x00000000b116e7d0,0x00000000b1180000)
 Metaspace       used 76980K, committed 78656K, reserved 1179648K
  class space    used 8256K, committed 8960K, reserved 1048576K

Card table byte_map: [0x000001cba2d90000,0x000001cba31a0000] _byte_map_base: 0x000001cba2990000

Marking Bits: (ParMarkBitMap*) 0x00007fff55fb2460
 Begin Bits: [0x000001cbb58a0000, 0x000001cbb78a0000)
 End Bits:   [0x000001cbb78a0000, 0x000001cbb98a0000)

Polling page: 0x000001cba1200000

Metaspace:

Usage:
  Non-class:     67.11 MB used.
      Class:      8.06 MB used.
       Both:     75.18 MB used.

Virtual space:
  Non-class space:      128.00 MB reserved,      68.06 MB ( 53%) committed,  2 nodes.
      Class space:        1.00 GB reserved,       8.75 MB ( <1%) committed,  1 nodes.
             Both:        1.12 GB reserved,      76.81 MB (  7%) committed. 

Chunk freelists:
   Non-Class:  11.66 MB
       Class:  7.25 MB
        Both:  18.91 MB

MaxMetaspaceSize: unlimited
CompressedClassSpaceSize: 1.00 GB
Initial GC threshold: 21.00 MB
Current GC threshold: 97.31 MB
CDS: on
 - commit_granule_bytes: 65536.
 - commit_granule_words: 8192.
 - virtual_space_node_default_size: 8388608.
 - enlarge_chunks_in_place: 1.
 - use_allocation_guard: 0.


Internal statistics:

num_allocs_failed_limit: 9.
num_arena_births: 1316.
num_arena_deaths: 20.
num_vsnodes_births: 3.
num_vsnodes_deaths: 0.
num_space_committed: 1229.
num_space_uncommitted: 0.
num_chunks_returned_to_freelist: 31.
num_chunks_taken_from_freelist: 4623.
num_chunk_merges: 14.
num_chunk_splits: 2912.
num_chunks_enlarged: 1768.
num_inconsistent_stats: 0.

CodeHeap 'non-profiled nmethods': size=120000Kb used=11573Kb max_used=11573Kb free=108426Kb
 bounds [0x000001cbae0c0000, 0x000001cbaec10000, 0x000001cbb55f0000]
CodeHeap 'profiled nmethods': size=120000Kb used=31182Kb max_used=31182Kb free=88817Kb
 bounds [0x000001cba65f0000, 0x000001cba8470000, 0x000001cbadb20000]
CodeHeap 'non-nmethods': size=5760Kb used=1500Kb max_used=1585Kb free=4259Kb
 bounds [0x000001cbadb20000, 0x000001cbadd90000, 0x000001cbae0c0000]
CodeCache: size=245760Kb, used=44255Kb, max_used=44340Kb, free=201502Kb
 total_blobs=14518, nmethods=13694, adapters=729, full_count=0
Compilation: enabled, stopped_count=0, restarted_count=0

Compilation events (20 events):
Event: 52.264 Thread 0x000001cbfc6b0a70 14409       3       org.eclipse.jdt.internal.core.BinaryMethod::<init> (28 bytes)
Event: 52.265 Thread 0x000001cbfc6b0a70 nmethod 14409 0x000001cba845f010 code [0x000001cba845f1e0, 0x000001cba845f510]
Event: 52.265 Thread 0x000001cbfc6b0a70 14414       3       org.eclipse.jdt.core.Signature::getTypeErasure (28 bytes)
Event: 52.265 Thread 0x000001cbfc6b0a70 nmethod 14414 0x000001cba845f690 code [0x000001cba845f880, 0x000001cba845fc78]
Event: 52.265 Thread 0x000001cbfc6b0a70 14410       3       org.eclipse.jdt.internal.core.BinaryMethod::calculateHashCode (15 bytes)
Event: 52.265 Thread 0x000001cbfc6b0a70 nmethod 14410 0x000001cba845fe10 code [0x000001cba8460000, 0x000001cba84602f8]
Event: 52.265 Thread 0x000001cbfc6b0a70 14411       3       org.eclipse.jdt.internal.core.BinaryType::isEnum (22 bytes)
Event: 52.266 Thread 0x000001cbfc6b0a70 nmethod 14411 0x000001cba8460490 code [0x000001cba84606a0, 0x000001cba8460c80]
Event: 52.266 Thread 0x000001cbfc6b0a70 14412       3       org.eclipse.jdt.core.Signature::getParameterTypes (13 bytes)
Event: 52.266 Thread 0x000001cbfc6b0a70 nmethod 14412 0x000001cba8460e90 code [0x000001cba8461080, 0x000001cba84613a8]
Event: 52.378 Thread 0x000001cbfc6b0a70 14418   !   3       java.util.AbstractList$Itr::next (46 bytes)
Event: 52.379 Thread 0x000001cbfc6b0a70 nmethod 14418 0x000001cba8461510 code [0x000001cba8461720, 0x000001cba8461d30]
Event: 52.382 Thread 0x000001cbfc6b0a70 14419       2       com.google.gson.internal.bind.TypeAdapters$7::write (10 bytes)
Event: 52.383 Thread 0x000001cbfc6b0a70 nmethod 14419 0x000001cba8462010 code [0x000001cba8462220, 0x000001cba8462530]
Event: 52.465 Thread 0x000001cb8489fcc0 nmethod 14366 0x000001cbaebfff90 code [0x000001cbaec00980, 0x000001cbaec08ae8]
Event: 52.466 Thread 0x000001cb8489fcc0 14231       4       org.eclipse.jdt.internal.core.PackageFragment::getElementName (22 bytes)
Event: 52.468 Thread 0x000001cb8489fcc0 nmethod 14231 0x000001cbaec0ce10 code [0x000001cbaec0cfa0, 0x000001cbaec0d088]
Event: 52.468 Thread 0x000001cb8489fcc0 14144       4       org.eclipse.jdt.core.compiler.CharOperation::indexOf (7 bytes)
Event: 52.471 Thread 0x000001cb8489fcc0 nmethod 14144 0x000001cbaec0d190 code [0x000001cbaec0d320, 0x000001cbaec0d470]
Event: 52.471 Thread 0x000001cb8489fcc0 14125   !   4       org.eclipse.jdt.internal.core.NameLookup::getModuleDescription (232 bytes)

GC Heap History (20 events):
Event: 50.156 GC heap before
{Heap before GC invocations=1272 (full 3):
 PSYoungGen      total 14336K, used 14208K [0x00000000d5580000, 0x00000000d6680000, 0x0000000100000000)
  eden space 13824K, 100% used [0x00000000d5580000,0x00000000d6300000,0x00000000d6300000)
  from space 512K, 75% used [0x00000000d6600000,0x00000000d6660000,0x00000000d6680000)
  to   space 512K, 0% used [0x00000000d6300000,0x00000000d6300000,0x00000000d6380000)
 ParOldGen       total 798208K, used 797926K [0x0000000080000000, 0x00000000b0b80000, 0x00000000d5580000)
  object space 798208K, 99% used [0x0000000080000000,0x00000000b0b39bb8,0x00000000b0b80000)
 Metaspace       used 74338K, committed 76032K, reserved 1179648K
  class space    used 7991K, committed 8768K, reserved 1048576K
}
Event: 50.159 GC heap after
{Heap after GC invocations=1272 (full 3):
 PSYoungGen      total 14336K, used 320K [0x00000000d5580000, 0x00000000d6680000, 0x0000000100000000)
  eden space 13824K, 0% used [0x00000000d5580000,0x00000000d5580000,0x00000000d6300000)
  from space 512K, 62% used [0x00000000d6300000,0x00000000d6350000,0x00000000d6380000)
  to   space 512K, 0% used [0x00000000d6600000,0x00000000d6600000,0x00000000d6680000)
 ParOldGen       total 798208K, used 798030K [0x0000000080000000, 0x00000000b0b80000, 0x00000000d5580000)
  object space 798208K, 99% used [0x0000000080000000,0x00000000b0b53bb8,0x00000000b0b80000)
 Metaspace       used 74338K, committed 76032K, reserved 1179648K
  class space    used 7991K, committed 8768K, reserved 1048576K
}
Event: 50.270 GC heap before
{Heap before GC invocations=1273 (full 3):
 PSYoungGen      total 14336K, used 14144K [0x00000000d5580000, 0x00000000d6680000, 0x0000000100000000)
  eden space 13824K, 100% used [0x00000000d5580000,0x00000000d6300000,0x00000000d6300000)
  from space 512K, 62% used [0x00000000d6300000,0x00000000d6350000,0x00000000d6380000)
  to   space 512K, 0% used [0x00000000d6600000,0x00000000d6600000,0x00000000d6680000)
 ParOldGen       total 798208K, used 798030K [0x0000000080000000, 0x00000000b0b80000, 0x00000000d5580000)
  object space 798208K, 99% used [0x0000000080000000,0x00000000b0b53bb8,0x00000000b0b80000)
 Metaspace       used 74339K, committed 76032K, reserved 1179648K
  class space    used 7991K, committed 8768K, reserved 1048576K
}
Event: 50.287 GC heap after
{Heap after GC invocations=1273 (full 3):
 PSYoungGen      total 14336K, used 498K [0x00000000d5580000, 0x00000000d6680000, 0x0000000100000000)
  eden space 13824K, 0% used [0x00000000d5580000,0x00000000d5580000,0x00000000d6300000)
  from space 512K, 97% used [0x00000000d6600000,0x00000000d667c940,0x00000000d6680000)
  to   space 1024K, 0% used [0x00000000d6480000,0x00000000d6480000,0x00000000d6580000)
 ParOldGen       total 799232K, used 799110K [0x0000000080000000, 0x00000000b0c80000, 0x00000000d5580000)
  object space 799232K, 99% used [0x0000000080000000,0x00000000b0c61928,0x00000000b0c80000)
 Metaspace       used 74339K, committed 76032K, reserved 1179648K
  class space    used 7991K, committed 8768K, reserved 1048576K
}
Event: 50.315 GC heap before
{Heap before GC invocations=1274 (full 3):
 PSYoungGen      total 14336K, used 14322K [0x00000000d5580000, 0x00000000d6680000, 0x0000000100000000)
  eden space 13824K, 100% used [0x00000000d5580000,0x00000000d6300000,0x00000000d6300000)
  from space 512K, 97% used [0x00000000d6600000,0x00000000d667c940,0x00000000d6680000)
  to   space 1024K, 0% used [0x00000000d6480000,0x00000000d6480000,0x00000000d6580000)
 ParOldGen       total 799232K, used 799110K [0x0000000080000000, 0x00000000b0c80000, 0x00000000d5580000)
  object space 799232K, 99% used [0x0000000080000000,0x00000000b0c61928,0x00000000b0c80000)
 Metaspace       used 74340K, committed 76032K, reserved 1179648K
  class space    used 7991K, committed 8768K, reserved 1048576K
}
Event: 50.318 GC heap after
{Heap after GC invocations=1274 (full 3):
 PSYoungGen      total 14848K, used 288K [0x00000000d5580000, 0x00000000d6680000, 0x0000000100000000)
  eden space 13824K, 0% used [0x00000000d5580000,0x00000000d5580000,0x00000000d6300000)
  from space 1024K, 28% used [0x00000000d6480000,0x00000000d64c8000,0x00000000d6580000)
  to   space 512K, 0% used [0x00000000d6600000,0x00000000d6600000,0x00000000d6680000)
 ParOldGen       total 799744K, used 799422K [0x0000000080000000, 0x00000000b0d00000, 0x00000000d5580000)
  object space 799744K, 99% used [0x0000000080000000,0x00000000b0cafb88,0x00000000b0d00000)
 Metaspace       used 74340K, committed 76032K, reserved 1179648K
  class space    used 7991K, committed 8768K, reserved 1048576K
}
Event: 50.334 GC heap before
{Heap before GC invocations=1275 (full 3):
 PSYoungGen      total 14848K, used 14112K [0x00000000d5580000, 0x00000000d6680000, 0x0000000100000000)
  eden space 13824K, 100% used [0x00000000d5580000,0x00000000d6300000,0x00000000d6300000)
  from space 1024K, 28% used [0x00000000d6480000,0x00000000d64c8000,0x00000000d6580000)
  to   space 512K, 0% used [0x00000000d6600000,0x00000000d6600000,0x00000000d6680000)
 ParOldGen       total 799744K, used 799422K [0x0000000080000000, 0x00000000b0d00000, 0x00000000d5580000)
  object space 799744K, 99% used [0x0000000080000000,0x00000000b0cafb88,0x00000000b0d00000)
 Metaspace       used 74340K, committed 76032K, reserved 1179648K
  class space    used 7991K, committed 8768K, reserved 1048576K
}
Event: 50.337 GC heap after
{Heap after GC invocations=1275 (full 3):
 PSYoungGen      total 14336K, used 256K [0x00000000d5580000, 0x00000000d6680000, 0x0000000100000000)
  eden space 13824K, 0% used [0x00000000d5580000,0x00000000d5580000,0x00000000d6300000)
  from space 512K, 50% used [0x00000000d6600000,0x00000000d6640000,0x00000000d6680000)
  to   space 512K, 0% used [0x00000000d6580000,0x00000000d6580000,0x00000000d6600000)
 ParOldGen       total 799744K, used 799539K [0x0000000080000000, 0x00000000b0d00000, 0x00000000d5580000)
  object space 799744K, 99% used [0x0000000080000000,0x00000000b0ccce48,0x00000000b0d00000)
 Metaspace       used 74340K, committed 76032K, reserved 1179648K
  class space    used 7991K, committed 8768K, reserved 1048576K
}
Event: 50.395 GC heap before
{Heap before GC invocations=1276 (full 3):
 PSYoungGen      total 14336K, used 14080K [0x00000000d5580000, 0x00000000d6680000, 0x0000000100000000)
  eden space 13824K, 100% used [0x00000000d5580000,0x00000000d6300000,0x00000000d6300000)
  from space 512K, 50% used [0x00000000d6600000,0x00000000d6640000,0x00000000d6680000)
  to   space 512K, 0% used [0x00000000d6580000,0x00000000d6580000,0x00000000d6600000)
 ParOldGen       total 799744K, used 799539K [0x0000000080000000, 0x00000000b0d00000, 0x00000000d5580000)
  object space 799744K, 99% used [0x0000000080000000,0x00000000b0ccce48,0x00000000b0d00000)
 Metaspace       used 74341K, committed 76032K, reserved 1179648K
  class space    used 7991K, committed 8768K, reserved 1048576K
}
Event: 50.400 GC heap after
{Heap after GC invocations=1276 (full 3):
 PSYoungGen      total 14336K, used 224K [0x00000000d5580000, 0x00000000d6680000, 0x0000000100000000)
  eden space 13824K, 0% used [0x00000000d5580000,0x00000000d5580000,0x00000000d6300000)
  from space 512K, 43% used [0x00000000d6580000,0x00000000d65b8000,0x00000000d6600000)
  to   space 512K, 0% used [0x00000000d6600000,0x00000000d6600000,0x00000000d6680000)
 ParOldGen       total 799744K, used 799667K [0x0000000080000000, 0x00000000b0d00000, 0x00000000d5580000)
  object space 799744K, 99% used [0x0000000080000000,0x00000000b0cece48,0x00000000b0d00000)
 Metaspace       used 74341K, committed 76032K, reserved 1179648K
  class space    used 7991K, committed 8768K, reserved 1048576K
}
Event: 50.866 GC heap before
{Heap before GC invocations=1277 (full 3):
 PSYoungGen      total 14336K, used 14048K [0x00000000d5580000, 0x00000000d6680000, 0x0000000100000000)
  eden space 13824K, 100% used [0x00000000d5580000,0x00000000d6300000,0x00000000d6300000)
  from space 512K, 43% used [0x00000000d6580000,0x00000000d65b8000,0x00000000d6600000)
  to   space 512K, 0% used [0x00000000d6600000,0x00000000d6600000,0x00000000d6680000)
 ParOldGen       total 799744K, used 799667K [0x0000000080000000, 0x00000000b0d00000, 0x00000000d5580000)
  object space 799744K, 99% used [0x0000000080000000,0x00000000b0cece48,0x00000000b0d00000)
 Metaspace       used 74563K, committed 76224K, reserved 1179648K
  class space    used 8011K, committed 8768K, reserved 1048576K
}
Event: 50.876 GC heap after
{Heap after GC invocations=1277 (full 3):
 PSYoungGen      total 14336K, used 512K [0x00000000d5580000, 0x00000000d6800000, 0x0000000100000000)
  eden space 13824K, 0% used [0x00000000d5580000,0x00000000d5580000,0x00000000d6300000)
  from space 512K, 100% used [0x00000000d6600000,0x00000000d6680000,0x00000000d6680000)
  to   space 2560K, 0% used [0x00000000d6300000,0x00000000d6300000,0x00000000d6580000)
 ParOldGen       total 801280K, used 800968K [0x0000000080000000, 0x00000000b0e80000, 0x00000000d5580000)
  object space 801280K, 99% used [0x0000000080000000,0x00000000b0e32188,0x00000000b0e80000)
 Metaspace       used 74563K, committed 76224K, reserved 1179648K
  class space    used 8011K, committed 8768K, reserved 1048576K
}
Event: 51.140 GC heap before
{Heap before GC invocations=1278 (full 3):
 PSYoungGen      total 14336K, used 14297K [0x00000000d5580000, 0x00000000d6800000, 0x0000000100000000)
  eden space 13824K, 99% used [0x00000000d5580000,0x00000000d62f66d8,0x00000000d6300000)
  from space 512K, 100% used [0x00000000d6600000,0x00000000d6680000,0x00000000d6680000)
  to   space 2560K, 0% used [0x00000000d6300000,0x00000000d6300000,0x00000000d6580000)
 ParOldGen       total 801280K, used 800968K [0x0000000080000000, 0x00000000b0e80000, 0x00000000d5580000)
  object space 801280K, 99% used [0x0000000080000000,0x00000000b0e32188,0x00000000b0e80000)
 Metaspace       used 74613K, committed 76288K, reserved 1179648K
  class space    used 8013K, committed 8768K, reserved 1048576K
}
Event: 51.146 GC heap after
{Heap after GC invocations=1278 (full 3):
 PSYoungGen      total 16384K, used 2540K [0x00000000d5580000, 0x00000000d6b00000, 0x0000000100000000)
  eden space 13824K, 0% used [0x00000000d5580000,0x00000000d5580000,0x00000000d6300000)
  from space 2560K, 99% used [0x00000000d6300000,0x00000000d657b2f8,0x00000000d6580000)
  to   space 4096K, 0% used [0x00000000d6700000,0x00000000d6700000,0x00000000d6b00000)
 ParOldGen       total 801792K, used 801759K [0x0000000080000000, 0x00000000b0f00000, 0x00000000d5580000)
  object space 801792K, 99% used [0x0000000080000000,0x00000000b0ef7dd0,0x00000000b0f00000)
 Metaspace       used 74613K, committed 76288K, reserved 1179648K
  class space    used 8013K, committed 8768K, reserved 1048576K
}
Event: 51.247 GC heap before
{Heap before GC invocations=1279 (full 3):
 PSYoungGen      total 16384K, used 16363K [0x00000000d5580000, 0x00000000d6b00000, 0x0000000100000000)
  eden space 13824K, 99% used [0x00000000d5580000,0x00000000d62ffb00,0x00000000d6300000)
  from space 2560K, 99% used [0x00000000d6300000,0x00000000d657b2f8,0x00000000d6580000)
  to   space 4096K, 0% used [0x00000000d6700000,0x00000000d6700000,0x00000000d6b00000)
 ParOldGen       total 801792K, used 801759K [0x0000000080000000, 0x00000000b0f00000, 0x00000000d5580000)
  object space 801792K, 99% used [0x0000000080000000,0x00000000b0ef7dd0,0x00000000b0f00000)
 Metaspace       used 74822K, committed 76480K, reserved 1179648K
  class space    used 8046K, committed 8768K, reserved 1048576K
}
Event: 51.253 GC heap after
{Heap after GC invocations=1279 (full 3):
 PSYoungGen      total 15872K, used 1648K [0x00000000d5580000, 0x00000000d6900000, 0x0000000100000000)
  eden space 13824K, 0% used [0x00000000d5580000,0x00000000d5580000,0x00000000d6300000)
  from space 2048K, 80% used [0x00000000d6700000,0x00000000d689c2d0,0x00000000d6900000)
  to   space 2560K, 0% used [0x00000000d6400000,0x00000000d6400000,0x00000000d6680000)
 ParOldGen       total 803328K, used 803288K [0x0000000080000000, 0x00000000b1080000, 0x00000000d5580000)
  object space 803328K, 99% used [0x0000000080000000,0x00000000b1076320,0x00000000b1080000)
 Metaspace       used 74822K, committed 76480K, reserved 1179648K
  class space    used 8046K, committed 8768K, reserved 1048576K
}
Event: 51.350 GC heap before
{Heap before GC invocations=1280 (full 3):
 PSYoungGen      total 15872K, used 15472K [0x00000000d5580000, 0x00000000d6900000, 0x0000000100000000)
  eden space 13824K, 100% used [0x00000000d5580000,0x00000000d6300000,0x00000000d6300000)
  from space 2048K, 80% used [0x00000000d6700000,0x00000000d689c2d0,0x00000000d6900000)
  to   space 2560K, 0% used [0x00000000d6400000,0x00000000d6400000,0x00000000d6680000)
 ParOldGen       total 803328K, used 803288K [0x0000000080000000, 0x00000000b1080000, 0x00000000d5580000)
  object space 803328K, 99% used [0x0000000080000000,0x00000000b1076320,0x00000000b1080000)
 Metaspace       used 74970K, committed 76672K, reserved 1179648K
  class space    used 8083K, committed 8832K, reserved 1048576K
}
Event: 51.358 GC heap after
{Heap after GC invocations=1280 (full 3):
 PSYoungGen      total 15360K, used 1161K [0x00000000d5580000, 0x00000000d6780000, 0x0000000100000000)
  eden space 13824K, 0% used [0x00000000d5580000,0x00000000d5580000,0x00000000d6300000)
  from space 1536K, 75% used [0x00000000d6400000,0x00000000d6522710,0x00000000d6580000)
  to   space 1536K, 0% used [0x00000000d6600000,0x00000000d6600000,0x00000000d6780000)
 ParOldGen       total 804352K, used 804013K [0x0000000080000000, 0x00000000b1180000, 0x00000000d5580000)
  object space 804352K, 99% used [0x0000000080000000,0x00000000b112b540,0x00000000b1180000)
 Metaspace       used 74970K, committed 76672K, reserved 1179648K
  class space    used 8083K, committed 8832K, reserved 1048576K
}
Event: 51.596 GC heap before
{Heap before GC invocations=1281 (full 3):
 PSYoungGen      total 15360K, used 14985K [0x00000000d5580000, 0x00000000d6780000, 0x0000000100000000)
  eden space 13824K, 100% used [0x00000000d5580000,0x00000000d6300000,0x00000000d6300000)
  from space 1536K, 75% used [0x00000000d6400000,0x00000000d6522710,0x00000000d6580000)
  to   space 1536K, 0% used [0x00000000d6600000,0x00000000d6600000,0x00000000d6780000)
 ParOldGen       total 804352K, used 804013K [0x0000000080000000, 0x00000000b1180000, 0x00000000d5580000)
  object space 804352K, 99% used [0x0000000080000000,0x00000000b112b540,0x00000000b1180000)
 Metaspace       used 75567K, committed 77248K, reserved 1179648K
  class space    used 8137K, committed 8896K, reserved 1048576K
}
Event: 51.599 GC heap after
{Heap after GC invocations=1281 (full 3):
 PSYoungGen      total 14848K, used 608K [0x00000000d5580000, 0x00000000d6700000, 0x0000000100000000)
  eden space 13824K, 0% used [0x00000000d5580000,0x00000000d5580000,0x00000000d6300000)
  from space 1024K, 59% used [0x00000000d6600000,0x00000000d6698000,0x00000000d6700000)
  to   space 1024K, 0% used [0x00000000d6500000,0x00000000d6500000,0x00000000d6600000)
 ParOldGen       total 804352K, used 804281K [0x0000000080000000, 0x00000000b1180000, 0x00000000d5580000)
  object space 804352K, 99% used [0x0000000080000000,0x00000000b116e7d0,0x00000000b1180000)
 Metaspace       used 75567K, committed 77248K, reserved 1179648K
  class space    used 8137K, committed 8896K, reserved 1048576K
}

Dll operation events (14 events):
Event: 0.018 Loaded shared library c:\Users\HaimP\.vscode\extensions\redhat.java-1.52.0-win32-x64\jre\21.0.9-win32-x86_64\bin\java.dll
Event: 0.312 Loaded shared library c:\Users\HaimP\.vscode\extensions\redhat.java-1.52.0-win32-x64\jre\21.0.9-win32-x86_64\bin\zip.dll
Event: 0.344 Loaded shared library C:\Users\HaimP\.vscode\extensions\redhat.java-1.52.0-win32-x64\jre\21.0.9-win32-x86_64\bin\instrument.dll
Event: 0.373 Loaded shared library C:\Users\HaimP\.vscode\extensions\redhat.java-1.52.0-win32-x64\jre\21.0.9-win32-x86_64\bin\net.dll
Event: 0.376 Loaded shared library C:\Users\HaimP\.vscode\extensions\redhat.java-1.52.0-win32-x64\jre\21.0.9-win32-x86_64\bin\nio.dll
Event: 0.381 Loaded shared library C:\Users\HaimP\.vscode\extensions\redhat.java-1.52.0-win32-x64\jre\21.0.9-win32-x86_64\bin\zip.dll
Event: 0.428 Loaded shared library C:\Users\HaimP\.vscode\extensions\redhat.java-1.52.0-win32-x64\jre\21.0.9-win32-x86_64\bin\jimage.dll
Event: 0.582 Loaded shared library c:\Users\HaimP\.vscode\extensions\redhat.java-1.52.0-win32-x64\jre\21.0.9-win32-x86_64\bin\verify.dll
Event: 3.059 Loaded shared library C:\Users\HaimP\AppData\Roaming\Code\User\globalStorage\redhat.java\1.52.0\config_win\org.eclipse.equinox.launcher\org.eclipse.equinox.launcher.win32.win32.x86_64_1.2.1500.v20260121-1430\eclipse_11919.dll
Event: 5.292 Loaded shared library C:\Users\HaimP\.vscode\extensions\redhat.java-1.52.0-win32-x64\jre\21.0.9-win32-x86_64\bin\management.dll
Event: 5.297 Loaded shared library C:\Users\HaimP\.vscode\extensions\redhat.java-1.52.0-win32-x64\jre\21.0.9-win32-x86_64\bin\management_ext.dll
Event: 7.143 Loaded shared library C:\Users\HaimP\AppData\Local\Temp\jna-69487603\jna3872798936756042128.dll
Event: 7.712 Loaded shared library C:\Users\HaimP\.vscode\extensions\redhat.java-1.52.0-win32-x64\jre\21.0.9-win32-x86_64\bin\sunmscapi.dll
Event: 7.829 Loaded shared library C:\Users\HaimP\.vscode\extensions\redhat.java-1.52.0-win32-x64\jre\21.0.9-win32-x86_64\bin\extnet.dll

Deoptimization events (20 events):
Event: 51.187 Thread 0x000001cbfdad4330 DEOPT PACKING pc=0x000001cbae888a18 sp=0x000000275b1fe260
Event: 51.187 Thread 0x000001cbfdad4330 DEOPT UNPACKING pc=0x000001cbadb73aa2 sp=0x000000275b1fe1e8 mode 2
Event: 51.187 Thread 0x000001cbfdad4330 Uncommon trap: trap_request=0xffffffde fr.pc=0x000001cbae888a18 relative=0x0000000000000078
Event: 51.187 Thread 0x000001cbfdad4330 Uncommon trap: reason=class_check action=maybe_recompile pc=0x000001cbae888a18 method=org.eclipse.jdt.internal.compiler.env.IModuleAwareNameEnvironment$LookupStrategy.matches(Ljava/lang/Object;Ljava/util/function/Predicate;)Z @ 8 c2
Event: 51.187 Thread 0x000001cbfdad4330 DEOPT PACKING pc=0x000001cbae888a18 sp=0x000000275b1fe260
Event: 51.187 Thread 0x000001cbfdad4330 DEOPT UNPACKING pc=0x000001cbadb73aa2 sp=0x000000275b1fe1e8 mode 2
Event: 51.195 Thread 0x000001cbfdad4330 Uncommon trap: trap_request=0xffffff45 fr.pc=0x000001cbae88a50c relative=0x000000000000076c
Event: 51.195 Thread 0x000001cbfdad4330 Uncommon trap: reason=unstable_if action=reinterpret pc=0x000001cbae88a50c method=org.eclipse.jdt.internal.core.builder.ClasspathJar.isPackage(Ljava/lang/String;Ljava/lang/String;)Z @ 1 c2
Event: 51.195 Thread 0x000001cbfdad4330 DEOPT PACKING pc=0x000001cbae88a50c sp=0x000000275b1fd920
Event: 51.195 Thread 0x000001cbfdad4330 DEOPT UNPACKING pc=0x000001cbadb73aa2 sp=0x000000275b1fd8e0 mode 2
Event: 51.389 Thread 0x000001cbfdad2f80 DEOPT PACKING pc=0x000001cba6da0733 sp=0x000000275b6fc250
Event: 51.389 Thread 0x000001cbfdad2f80 DEOPT UNPACKING pc=0x000001cbadb74242 sp=0x000000275b6fb780 mode 0
Event: 52.266 Thread 0x000001cbfdad5d70 Uncommon trap: trap_request=0xffffff45 fr.pc=0x000001cbae7590bc relative=0x00000000000000fc
Event: 52.266 Thread 0x000001cbfdad5d70 Uncommon trap: reason=unstable_if action=reinterpret pc=0x000001cbae7590bc method=org.eclipse.jdt.internal.core.JavaModel.getWorkspaceTarget(Lorg/eclipse/core/runtime/IPath;)Lorg/eclipse/core/resources/IResource; @ 1 c2
Event: 52.266 Thread 0x000001cbfdad5d70 DEOPT PACKING pc=0x000001cbae7590bc sp=0x000000275b4fe290
Event: 52.266 Thread 0x000001cbfdad5d70 DEOPT UNPACKING pc=0x000001cbadb73aa2 sp=0x000000275b4fe220 mode 2
Event: 52.266 Thread 0x000001cbfdad5d70 Uncommon trap: trap_request=0xffffff45 fr.pc=0x000001cbae74711c relative=0x000000000000083c
Event: 52.266 Thread 0x000001cbfdad5d70 Uncommon trap: reason=unstable_if action=reinterpret pc=0x000001cbae74711c method=org.eclipse.jdt.internal.core.JavaModel.getExternalTarget(Lorg/eclipse/core/runtime/IPath;Z)Ljava/lang/Object; @ 1 c2
Event: 52.266 Thread 0x000001cbfdad5d70 DEOPT PACKING pc=0x000001cbae74711c sp=0x000000275b4fe240
Event: 52.266 Thread 0x000001cbfdad5d70 DEOPT UNPACKING pc=0x000001cbadb73aa2 sp=0x000000275b4fe208 mode 2

Classes loaded (20 events):
Event: 30.901 Loading class jdk/internal/module/IllegalAccessLogger
Event: 30.901 Loading class jdk/internal/module/IllegalAccessLogger done
Event: 31.190 Loading class java/io/CharArrayWriter
Event: 31.190 Loading class java/io/CharArrayWriter done
Event: 47.204 Loading class java/util/concurrent/CompletableFuture$UniApply
Event: 47.204 Loading class java/util/concurrent/CompletableFuture$UniApply done
Event: 47.204 Loading class java/util/concurrent/CompletableFuture$UniExceptionally
Event: 47.205 Loading class java/util/concurrent/CompletableFuture$UniExceptionally done
Event: 47.358 Loading class org/xml/sax/SAXNotRecognizedException
Event: 47.358 Loading class org/xml/sax/SAXNotRecognizedException done
Event: 47.358 Loading class org/xml/sax/SAXNotSupportedException
Event: 47.358 Loading class org/xml/sax/SAXNotSupportedException done
Event: 47.360 Loading class com/sun/org/apache/xerces/internal/util/URI
Event: 47.361 Loading class com/sun/org/apache/xerces/internal/util/URI done
Event: 47.362 Loading class com/sun/org/apache/xerces/internal/xni/XNIException
Event: 47.362 Loading class com/sun/org/apache/xerces/internal/xni/XNIException done
Event: 47.364 Loading class com/sun/org/apache/xerces/internal/xni/parser/XMLParseException
Event: 47.364 Loading class com/sun/org/apache/xerces/internal/xni/parser/XMLParseException done
Event: 47.882 Loading class java/lang/UnsupportedClassVersionError
Event: 47.882 Loading class java/lang/UnsupportedClassVersionError done

Classes unloaded (10 events):
Event: 6.289 Thread 0x000001cba3363120 Unloading class 0x000001cbbb1a9400 'java/lang/invoke/LambdaForm$MH+0x000001cbbb1a9400'
Event: 6.289 Thread 0x000001cba3363120 Unloading class 0x000001cbbb1a9000 'java/lang/invoke/LambdaForm$MH+0x000001cbbb1a9000'
Event: 6.289 Thread 0x000001cba3363120 Unloading class 0x000001cbbb1a8c00 'java/lang/invoke/LambdaForm$MH+0x000001cbbb1a8c00'
Event: 6.289 Thread 0x000001cba3363120 Unloading class 0x000001cbbb1a8800 'java/lang/invoke/LambdaForm$MH+0x000001cbbb1a8800'
Event: 6.289 Thread 0x000001cba3363120 Unloading class 0x000001cbbb1a8400 'java/lang/invoke/LambdaForm$BMH+0x000001cbbb1a8400'
Event: 6.289 Thread 0x000001cba3363120 Unloading class 0x000001cbbb1a8000 'java/lang/invoke/LambdaForm$DMH+0x000001cbbb1a8000'
Event: 6.289 Thread 0x000001cba3363120 Unloading class 0x000001cbbb1a6c00 'java/lang/invoke/LambdaForm$DMH+0x000001cbbb1a6c00'
Event: 7.627 Thread 0x000001cba3363120 Unloading class 0x000001cbbb321400 'java/lang/invoke/LambdaForm$MH+0x000001cbbb321400'
Event: 7.627 Thread 0x000001cba3363120 Unloading class 0x000001cbbb321000 'java/lang/invoke/LambdaForm$DMH+0x000001cbbb321000'
Event: 24.440 Thread 0x000001cba3363120 Unloading class 0x000001cbbb658800 'java/lang/invoke/LambdaForm$DMH+0x000001cbbb658800'

Classes redefined (0 events):
No events

Internal exceptions (20 events):
Event: 49.170 Thread 0x000001cbfdad6400 Exception <a 'sun/nio/fs/WindowsException'{0x00000000d56105c8}> (0x00000000d56105c8) 
thrown [s\src\hotspot\share\prims\jni.cpp, line 520]
Event: 49.170 Thread 0x000001cbfdad6400 Exception <a 'sun/nio/fs/WindowsException'{0x00000000d56110c8}> (0x00000000d56110c8) 
thrown [s\src\hotspot\share\prims\jni.cpp, line 520]
Event: 49.175 Thread 0x000001cbfdad6400 Exception <a 'sun/nio/fs/WindowsException'{0x00000000d5b90490}> (0x00000000d5b90490) 
thrown [s\src\hotspot\share\prims\jni.cpp, line 520]
Event: 49.175 Thread 0x000001cbfdad6400 Exception <a 'sun/nio/fs/WindowsException'{0x00000000d5c05a50}> (0x00000000d5c05a50) 
thrown [s\src\hotspot\share\prims\jni.cpp, line 520]
Event: 49.176 Thread 0x000001cbfdad6400 Exception <a 'sun/nio/fs/WindowsException'{0x00000000d5c06db8}> (0x00000000d5c06db8) 
thrown [s\src\hotspot\share\prims\jni.cpp, line 520]
Event: 49.176 Thread 0x000001cbfdad6400 Exception <a 'sun/nio/fs/WindowsException'{0x00000000d5c07698}> (0x00000000d5c07698) 
thrown [s\src\hotspot\share\prims\jni.cpp, line 520]
Event: 49.176 Thread 0x000001cbfdad6400 Exception <a 'sun/nio/fs/WindowsException'{0x00000000d5cbfcc0}> (0x00000000d5cbfcc0) 
thrown [s\src\hotspot\share\prims\jni.cpp, line 520]
Event: 49.176 Thread 0x000001cbfdad6400 Exception <a 'sun/nio/fs/WindowsException'{0x00000000d5cc07c0}> (0x00000000d5cc07c0) 
thrown [s\src\hotspot\share\prims\jni.cpp, line 520]
Event: 49.176 Thread 0x000001cbfdad6400 Exception <a 'sun/nio/fs/WindowsException'{0x00000000d5cc1a28}> (0x00000000d5cc1a28) 
thrown [s\src\hotspot\share\prims\jni.cpp, line 520]
Event: 49.177 Thread 0x000001cbfdad6400 Exception <a 'sun/nio/fs/WindowsException'{0x00000000d5d66ee0}> (0x00000000d5d66ee0) 
thrown [s\src\hotspot\share\prims\jni.cpp, line 520]
Event: 49.177 Thread 0x000001cbfdad6400 Exception <a 'sun/nio/fs/WindowsException'{0x00000000d5d68248}> (0x00000000d5d68248) 
thrown [s\src\hotspot\share\prims\jni.cpp, line 520]
Event: 49.177 Thread 0x000001cbfdad6400 Exception <a 'sun/nio/fs/WindowsException'{0x00000000d5d68b28}> (0x00000000d5d68b28) 
thrown [s\src\hotspot\share\prims\jni.cpp, line 520]
Event: 49.352 Thread 0x000001cbfdad4330 Exception <a 'java/lang/IncompatibleClassChangeError'{0x00000000d576bb88}: Found class java.lang.Object, but interface was expected> (0x00000000d576bb88) 
thrown [s\src\hotspot\share\interpreter\linkResolver.cpp, line 840]
Event: 49.828 Thread 0x000001cbfdad56e0 Exception <a 'sun/nio/fs/WindowsException'{0x00000000d559a350}> (0x00000000d559a350) 
thrown [s\src\hotspot\share\prims\jni.cpp, line 520]
Event: 49.829 Thread 0x000001cbfdad56e0 Exception <a 'sun/nio/fs/WindowsException'{0x00000000d559ad78}> (0x00000000d559ad78) 
thrown [s\src\hotspot\share\prims\jni.cpp, line 520]
Event: 49.829 Thread 0x000001cbfdad56e0 Exception <a 'sun/nio/fs/WindowsException'{0x00000000d56bb938}> (0x00000000d56bb938) 
thrown [s\src\hotspot\share\prims\jni.cpp, line 520]
Event: 49.829 Thread 0x000001cbfdad56e0 Exception <a 'sun/nio/fs/WindowsException'{0x00000000d56bc218}> (0x00000000d56bc218) 
thrown [s\src\hotspot\share\prims\jni.cpp, line 520]
Event: 51.156 Thread 0x000001cbfea9d200 Exception <a 'java/lang/IncompatibleClassChangeError'{0x00000000d5867a70}: Found class java.lang.Object, but interface was expected> (0x00000000d5867a70) 
thrown [s\src\hotspot\share\interpreter\linkResolver.cpp, line 840]
Event: 52.266 Thread 0x000001cbfdad5d70 Implicit null exception at 0x000001cbae758fda to 0x000001cbae7590ac
Event: 52.266 Thread 0x000001cbfdad5d70 Implicit null exception at 0x000001cbae746904 to 0x000001cbae74710c

ZGC Phase Switch (0 events):
No events

VM Operations (20 events):
Event: 50.395 Executing VM operation: ParallelGCFailedAllocation (Allocation Failure)
Event: 50.400 Executing VM operation: ParallelGCFailedAllocation (Allocation Failure) done
Event: 50.823 Executing VM operation: ParallelGCFailedAllocation (Allocation Failure)
Event: 50.876 Executing VM operation: ParallelGCFailedAllocation (Allocation Failure) done
Event: 50.990 Executing VM operation: ParallelGCFailedAllocation (Allocation Failure)
Event: 51.146 Executing VM operation: ParallelGCFailedAllocation (Allocation Failure) done
Event: 51.173 Executing VM operation: HandshakeAllThreads (Deoptimize)
Event: 51.174 Executing VM operation: HandshakeAllThreads (Deoptimize) done
Event: 51.206 Executing VM operation: ParallelGCFailedAllocation (Allocation Failure)
Event: 51.253 Executing VM operation: ParallelGCFailedAllocation (Allocation Failure) done
Event: 51.349 Executing VM operation: ParallelGCFailedAllocation (Allocation Failure)
Event: 51.358 Executing VM operation: ParallelGCFailedAllocation (Allocation Failure) done
Event: 51.445 Executing VM operation: HandshakeAllThreads (Deoptimize)
Event: 51.446 Executing VM operation: HandshakeAllThreads (Deoptimize) done
Event: 51.450 Executing VM operation: HandshakeAllThreads (Deoptimize)
Event: 51.463 Executing VM operation: HandshakeAllThreads (Deoptimize) done
Event: 51.595 Executing VM operation: ParallelGCFailedAllocation (Allocation Failure)
Event: 51.599 Executing VM operation: ParallelGCFailedAllocation (Allocation Failure) done
Event: 52.611 Executing VM operation: Cleanup
Event: 52.611 Executing VM operation: Cleanup done

Memory protections (0 events):
No events

Nmethod flushes (20 events):
Event: 24.468 Thread 0x000001cba3363120 flushing  nmethod 0x000001cba6e0d710
Event: 24.468 Thread 0x000001cba3363120 flushing  nmethod 0x000001cba6e15a10
Event: 24.468 Thread 0x000001cba3363120 flushing  nmethod 0x000001cba6e17390
Event: 24.468 Thread 0x000001cba3363120 flushing  nmethod 0x000001cba6e3a510
Event: 24.468 Thread 0x000001cba3363120 flushing  nmethod 0x000001cba6e3e890
Event: 24.468 Thread 0x000001cba3363120 flushing  nmethod 0x000001cba6e41290
Event: 24.468 Thread 0x000001cba3363120 flushing  nmethod 0x000001cba6e41990
Event: 24.468 Thread 0x000001cba3363120 flushing  nmethod 0x000001cba6e42890
Event: 24.468 Thread 0x000001cba3363120 flushing  nmethod 0x000001cba6e42e90
Event: 24.468 Thread 0x000001cba3363120 flushing  nmethod 0x000001cba6e44690
Event: 24.468 Thread 0x000001cba3363120 flushing  nmethod 0x000001cba6e46790
Event: 24.468 Thread 0x000001cba3363120 flushing  nmethod 0x000001cba6e4e790
Event: 24.468 Thread 0x000001cba3363120 flushing  nmethod 0x000001cba6e5c310
Event: 24.468 Thread 0x000001cba3363120 flushing  nmethod 0x000001cba6e6c510
Event: 24.468 Thread 0x000001cba3363120 flushing  nmethod 0x000001cba6e85990
Event: 24.468 Thread 0x000001cba3363120 flushing  nmethod 0x000001cba6e9f310
Event: 24.468 Thread 0x000001cba3363120 flushing  nmethod 0x000001cba6ea2d10
Event: 24.468 Thread 0x000001cba3363120 flushing  nmethod 0x000001cba6ee9a10
Event: 24.468 Thread 0x000001cba3363120 flushing  nmethod 0x000001cba6f0a790
Event: 24.468 Thread 0x000001cba3363120 flushing  nmethod 0x000001cba6f25310

Events (20 events):
Event: 32.509 Thread 0x000001cb8489e180 Thread exited: 0x000001cb8489e180
Event: 33.375 Thread 0x000001cb8489fcc0 Thread exited: 0x000001cb8489fcc0
Event: 34.362 Thread 0x000001cbfc6b0a70 Thread added: 0x000001cb8489fcc0
Event: 34.785 Thread 0x000001cb8489fcc0 Thread exited: 0x000001cb8489fcc0
Event: 35.606 Thread 0x000001cba33809f0 Thread added: 0x000001cb8489fcc0
Event: 37.000 Thread 0x000001cb8489fcc0 Thread exited: 0x000001cb8489fcc0
Event: 37.035 Thread 0x000001cba33809f0 Thread added: 0x000001cb8489fcc0
Event: 42.007 Thread 0x000001cb8489fcc0 Thread exited: 0x000001cb8489fcc0
Event: 44.333 Thread 0x000001cbfc6b0a70 Thread added: 0x000001cb8489fcc0
Event: 45.377 Thread 0x000001cb8489fcc0 Thread exited: 0x000001cb8489fcc0
Event: 46.848 Thread 0x000001cba33809f0 Thread added: 0x000001cb8489fcc0
Event: 47.204 Thread 0x000001cbfd07e2a0 Thread added: 0x000001cbfdad5050
Event: 47.204 Thread 0x000001cbfd07e2a0 Thread added: 0x000001cbfdad4330
Event: 47.204 Thread 0x000001cbfdad5050 Thread added: 0x000001cbfdad56e0
Event: 47.204 Thread 0x000001cbfea9d200 Thread added: 0x000001cbfdad49c0
Event: 47.204 Thread 0x000001cbfdad4330 Thread added: 0x000001cbfdad5d70
Event: 47.205 Thread 0x000001cbfdad56e0 Thread added: 0x000001cbfdad6400
Event: 47.205 Thread 0x000001cbfdad6400 Thread added: 0x000001cbfdad2f80
Event: 47.662 Thread 0x000001cb8489fcc0 Thread exited: 0x000001cb8489fcc0
Event: 47.835 Thread 0x000001cbfc6b0a70 Thread added: 0x000001cb8489fcc0


Dynamic libraries:
0x00007ff645c60000 - 0x00007ff645c6e000 	c:\Users\HaimP\.vscode\extensions\redhat.java-1.52.0-win32-x64\jre\21.0.9-win32-x86_64\bin\java.exe
0x00007ff832de0000 - 0x00007ff833048000 	C:\WINDOWS\SYSTEM32\ntdll.dll
0x00007ff831bd0000 - 0x00007ff831c99000 	C:\WINDOWS\System32\KERNEL32.DLL
0x00007ff830130000 - 0x00007ff830521000 	C:\WINDOWS\System32\KERNELBASE.dll
0x00007ff82cbb0000 - 0x00007ff82cc4e000 	C:\WINDOWS\SYSTEM32\apphelp.dll
0x00007ff8305e0000 - 0x00007ff83072b000 	C:\WINDOWS\System32\ucrtbase.dll
0x00007ff816f90000 - 0x00007ff816fa8000 	c:\Users\HaimP\.vscode\extensions\redhat.java-1.52.0-win32-x64\jre\21.0.9-win32-x86_64\bin\jli.dll
0x00007ff831da0000 - 0x00007ff831f66000 	C:\WINDOWS\System32\USER32.dll
0x00007ff8309e0000 - 0x00007ff830a07000 	C:\WINDOWS\System32\win32u.dll
0x00007ff8324a0000 - 0x00007ff8324cb000 	C:\WINDOWS\System32\GDI32.dll
0x00007ff8308b0000 - 0x00007ff8309db000 	C:\WINDOWS\System32\gdi32full.dll
0x00007ff830530000 - 0x00007ff8305d3000 	C:\WINDOWS\System32\msvcp_win.dll
0x00007ff811f90000 - 0x00007ff811fae000 	c:\Users\HaimP\.vscode\extensions\redhat.java-1.52.0-win32-x64\jre\21.0.9-win32-x86_64\bin\VCRUNTIME140.dll
0x00007ff80ed90000 - 0x00007ff80f023000 	C:\WINDOWS\WinSxS\amd64_microsoft.windows.common-controls_6595b64144ccf1df_6.0.26100.7824_none_3e0870b2e3345462\COMCTL32.dll
0x00007ff831b20000 - 0x00007ff831bc9000 	C:\WINDOWS\System32\msvcrt.dll
0x00007ff832240000 - 0x00007ff832271000 	C:\WINDOWS\System32\IMM32.DLL
0x00007ff81b290000 - 0x00007ff81b29c000 	c:\Users\HaimP\.vscode\extensions\redhat.java-1.52.0-win32-x64\jre\21.0.9-win32-x86_64\bin\vcruntime140_1.dll
0x00007fffe6c40000 - 0x00007fffe6ccd000 	c:\Users\HaimP\.vscode\extensions\redhat.java-1.52.0-win32-x64\jre\21.0.9-win32-x86_64\bin\msvcp140.dll
0x00007fff552f0000 - 0x00007fff56090000 	c:\Users\HaimP\.vscode\extensions\redhat.java-1.52.0-win32-x64\jre\21.0.9-win32-x86_64\bin\server\jvm.dll
0x00007ff8322e0000 - 0x00007ff832394000 	C:\WINDOWS\System32\ADVAPI32.dll
0x00007ff831950000 - 0x00007ff8319f6000 	C:\WINDOWS\System32\sechost.dll
0x00007ff831a00000 - 0x00007ff831b18000 	C:\WINDOWS\System32\RPCRT4.dll
0x00007ff8310b0000 - 0x00007ff831124000 	C:\WINDOWS\System32\WS2_32.dll
0x00007ff82f520000 - 0x00007ff82f57e000 	C:\WINDOWS\SYSTEM32\POWRPROF.dll
0x00007ff81eb90000 - 0x00007ff81ebc5000 	C:\WINDOWS\SYSTEM32\WINMM.dll
0x00007ff8217d0000 - 0x00007ff8217db000 	C:\WINDOWS\SYSTEM32\VERSION.dll
0x00007ff82f500000 - 0x00007ff82f514000 	C:\WINDOWS\SYSTEM32\UMPDC.dll
0x00007ff82e430000 - 0x00007ff82e44b000 	C:\WINDOWS\SYSTEM32\kernel.appcore.dll
0x00007ff81a2b0000 - 0x00007ff81a2ba000 	c:\Users\HaimP\.vscode\extensions\redhat.java-1.52.0-win32-x64\jre\21.0.9-win32-x86_64\bin\jimage.dll
0x00007ff82ced0000 - 0x00007ff82d112000 	C:\WINDOWS\SYSTEM32\DBGHELP.DLL
0x00007ff8315c0000 - 0x00007ff831946000 	C:\WINDOWS\System32\combase.dll
0x00007ff830fd0000 - 0x00007ff8310a7000 	C:\WINDOWS\System32\OLEAUT32.dll
0x00007ff80ed50000 - 0x00007ff80ed8b000 	C:\WINDOWS\SYSTEM32\dbgcore.DLL
0x00007ff82fff0000 - 0x00007ff830095000 	C:\WINDOWS\System32\bcryptPrimitives.dll
0x00007ff817a90000 - 0x00007ff817a9f000 	c:\Users\HaimP\.vscode\extensions\redhat.java-1.52.0-win32-x64\jre\21.0.9-win32-x86_64\bin\instrument.dll
0x00007ff8108d0000 - 0x00007ff8108f0000 	c:\Users\HaimP\.vscode\extensions\redhat.java-1.52.0-win32-x64\jre\21.0.9-win32-x86_64\bin\java.dll
0x00007ff8325f0000 - 0x00007ff832d42000 	C:\WINDOWS\System32\SHELL32.dll
0x00007ff830a10000 - 0x00007ff830b7a000 	C:\WINDOWS\System32\wintypes.dll
0x00007ff82f6c0000 - 0x00007ff82ff23000 	C:\WINDOWS\System32\windows.storage.dll
0x00007ff831ca0000 - 0x00007ff831d96000 	C:\WINDOWS\System32\SHCORE.dll
0x00007ff832420000 - 0x00007ff832487000 	C:\WINDOWS\System32\shlwapi.dll
0x00007ff82f5e0000 - 0x00007ff82f609000 	C:\WINDOWS\SYSTEM32\profapi.dll
0x00007ff811f10000 - 0x00007ff811f28000 	c:\Users\HaimP\.vscode\extensions\redhat.java-1.52.0-win32-x64\jre\21.0.9-win32-x86_64\bin\zip.dll
0x00007ff817230000 - 0x00007ff817240000 	C:\Users\HaimP\.vscode\extensions\redhat.java-1.52.0-win32-x64\jre\21.0.9-win32-x86_64\bin\net.dll
0x00007ff827ed0000 - 0x00007ff827ff7000 	C:\WINDOWS\SYSTEM32\WINHTTP.dll
0x00007ff82e9b0000 - 0x00007ff82ea1b000 	C:\WINDOWS\system32\mswsock.dll
0x00007ff807d20000 - 0x00007ff807d36000 	C:\Users\HaimP\.vscode\extensions\redhat.java-1.52.0-win32-x64\jre\21.0.9-win32-x86_64\bin\nio.dll
0x00007ff816c00000 - 0x00007ff816c10000 	c:\Users\HaimP\.vscode\extensions\redhat.java-1.52.0-win32-x64\jre\21.0.9-win32-x86_64\bin\verify.dll
0x00007ffff7e30000 - 0x00007ffff7e75000 	C:\Users\HaimP\AppData\Roaming\Code\User\globalStorage\redhat.java\1.52.0\config_win\org.eclipse.equinox.launcher\org.eclipse.equinox.launcher.win32.win32.x86_64_1.2.1500.v20260121-1430\eclipse_11919.dll
0x00007ff830d80000 - 0x00007ff830f17000 	C:\WINDOWS\System32\ole32.dll
0x00007ff8107d0000 - 0x00007ff8107da000 	C:\Users\HaimP\.vscode\extensions\redhat.java-1.52.0-win32-x64\jre\21.0.9-win32-x86_64\bin\management.dll
0x00007ff80fab0000 - 0x00007ff80fabc000 	C:\Users\HaimP\.vscode\extensions\redhat.java-1.52.0-win32-x64\jre\21.0.9-win32-x86_64\bin\management_ext.dll
0x00007ff8324e0000 - 0x00007ff8324e8000 	C:\WINDOWS\System32\PSAPI.DLL
0x00007ff82eca0000 - 0x00007ff82ecbb000 	C:\WINDOWS\SYSTEM32\CRYPTSP.dll
0x00007ff82e380000 - 0x00007ff82e3b9000 	C:\WINDOWS\system32\rsaenh.dll
0x00007ff82ea60000 - 0x00007ff82ea8b000 	C:\WINDOWS\SYSTEM32\USERENV.dll
0x00007ff82f5b0000 - 0x00007ff82f5da000 	C:\WINDOWS\SYSTEM32\bcrypt.dll
0x00007ff82ecc0000 - 0x00007ff82eccc000 	C:\WINDOWS\SYSTEM32\CRYPTBASE.dll
0x00007ff82de20000 - 0x00007ff82de54000 	C:\WINDOWS\SYSTEM32\IPHLPAPI.DLL
0x00007ff831f70000 - 0x00007ff831f7a000 	C:\WINDOWS\System32\NSI.dll
0x00007fffe48f0000 - 0x00007fffe4939000 	C:\Users\HaimP\AppData\Local\Temp\jna-69487603\jna3872798936756042128.dll
0x00007ff827c30000 - 0x00007ff827c4e000 	C:\WINDOWS\SYSTEM32\dhcpcsvc6.DLL
0x00007ff827810000 - 0x00007ff827833000 	C:\WINDOWS\SYSTEM32\dhcpcsvc.DLL
0x00007ff817310000 - 0x00007ff81731e000 	C:\Users\HaimP\.vscode\extensions\redhat.java-1.52.0-win32-x64\jre\21.0.9-win32-x86_64\bin\sunmscapi.dll
0x00007ff830730000 - 0x00007ff8308a7000 	C:\WINDOWS\System32\CRYPT32.dll
0x00007ff82eec0000 - 0x00007ff82eef0000 	C:\WINDOWS\SYSTEM32\ncrypt.dll
0x00007ff82ee70000 - 0x00007ff82eeaf000 	C:\WINDOWS\SYSTEM32\NTASN1.dll
0x00007ff82deb0000 - 0x00007ff82dfdc000 	C:\WINDOWS\SYSTEM32\DNSAPI.dll
0x00007ff822d20000 - 0x00007ff822d2b000 	C:\Windows\System32\rasadhlp.dll
0x00007ff822c70000 - 0x00007ff822cf6000 	C:\WINDOWS\System32\fwpuclnt.dll
0x00007ff816fe0000 - 0x00007ff816fe9000 	C:\Users\HaimP\.vscode\extensions\redhat.java-1.52.0-win32-x64\jre\21.0.9-win32-x86_64\bin\extnet.dll

JVMTI agents:
c:\Users\HaimP\.vscode\extensions\redhat.java-1.52.0-win32-x64\lombok\lombok-1.18.39-4050.jar path:c:\Users\HaimP\.vscode\extensions\redhat.java-1.52.0-win32-x64\jre\21.0.9-win32-x86_64\bin\instrument.dll, loaded, initialized, instrumentlib options:none

dbghelp: loaded successfully - version: 4.0.5 - missing functions: none
symbol engine: initialized successfully - sym options: 0x614 - pdb path: .;c:\Users\HaimP\.vscode\extensions\redhat.java-1.52.0-win32-x64\jre\21.0.9-win32-x86_64\bin;C:\WINDOWS\SYSTEM32;C:\WINDOWS\WinSxS\amd64_microsoft.windows.common-controls_6595b64144ccf1df_6.0.26100.7824_none_3e0870b2e3345462;c:\Users\HaimP\.vscode\extensions\redhat.java-1.52.0-win32-x64\jre\21.0.9-win32-x86_64\bin\server;C:\Users\HaimP\AppData\Roaming\Code\User\globalStorage\redhat.java\1.52.0\config_win\org.eclipse.equinox.launcher\org.eclipse.equinox.launcher.win32.win32.x86_64_1.2.1500.v20260121-1430;C:\Users\HaimP\AppData\Local\Temp\jna-69487603

VM Arguments:
jvm_args: --add-modules=ALL-SYSTEM --add-opens=java.base/java.util=ALL-UNNAMED --add-opens=java.base/java.lang=ALL-UNNAMED --add-opens=java.base/sun.nio.fs=ALL-UNNAMED -Declipse.application=org.eclipse.jdt.ls.core.id1 -Dosgi.bundles.defaultStartLevel=4 -Declipse.product=org.eclipse.jdt.ls.core.product -Djava.import.generatesMetadataFilesAtProjectRoot=false -DDetectVMInstallationsJob.disabled=true -Dfile.encoding=utf8 -XX:+UseParallelGC -XX:GCTimeRatio=4 -XX:AdaptiveSizePolicyWeight=90 -Dsun.zip.disableMemoryMapping=true -Xmx2G -Xms100m -Xlog:disable -javaagent:c:\Users\HaimP\.vscode\extensions\redhat.java-1.52.0-win32-x64\lombok\lombok-1.18.39-4050.jar -XX:+HeapDumpOnOutOfMemoryError -XX:HeapDumpPath=c:\Users\HaimP\AppData\Roaming\Code\User\workspaceStorage\093fb4ab68852d541fbb6ab81ac84372\redhat.java -Daether.dependencyCollector.impl=bf 
java_command: c:\Users\HaimP\.vscode\extensions\redhat.java-1.52.0-win32-x64\server\plugins\org.eclipse.equinox.launcher_1.7.100.v20251111-0406.jar -configuration c:\Users\HaimP\AppData\Roaming\Code\User\globalStorage\redhat.java\1.52.0\config_win -data c:\Users\HaimP\AppData\Roaming\Code\User\workspaceStorage\093fb4ab68852d541fbb6ab81ac84372\redhat.java\jdt_ws --pipe=\\.\pipe\lsp-bec5192fa53e4965ad3329b0333ca196-sock
java_class_path (initial): c:\Users\HaimP\.vscode\extensions\redhat.java-1.52.0-win32-x64\server\plugins\org.eclipse.equinox.launcher_1.7.100.v20251111-0406.jar
Launcher Type: SUN_STANDARD

[Global flags]
    uintx AdaptiveSizePolicyWeight                 = 90                                        {product} {command line}
     intx CICompilerCount                          = 4                                         {product} {ergonomic}
    uintx GCTimeRatio                              = 4                                         {product} {command line}
     bool HeapDumpOnOutOfMemoryError               = true                                   {manageable} {command line}
    ccstr HeapDumpPath                             = c:\Users\HaimP\AppData\Roaming\Code\User\workspaceStorage\093fb4ab68852d541fbb6ab81ac84372\redhat.java         {manageable} {command line}
   size_t InitialHeapSize                          = 104857600                                 {product} {command line}
   size_t MaxHeapSize                              = 2147483648                                {product} {command line}
   size_t MaxNewSize                               = 715653120                                 {product} {ergonomic}
   size_t MinHeapDeltaBytes                        = 524288                                    {product} {ergonomic}
   size_t MinHeapSize                              = 104857600                                 {product} {command line}
   size_t NewSize                                  = 34603008                                  {product} {ergonomic}
    uintx NonNMethodCodeHeapSize                   = 5839372                                {pd product} {ergonomic}
    uintx NonProfiledCodeHeapSize                  = 122909434                              {pd product} {ergonomic}
   size_t OldSize                                  = 70254592                                  {product} {ergonomic}
    uintx ProfiledCodeHeapSize                     = 122909434                              {pd product} {ergonomic}
    uintx ReservedCodeCacheSize                    = 251658240                              {pd product} {ergonomic}
     bool SegmentedCodeCache                       = true                                      {product} {ergonomic}
   size_t SoftMaxHeapSize                          = 2147483648                             {manageable} {ergonomic}
     bool UseCompressedOops                        = true                           {product lp64_product} {ergonomic}
     bool UseLargePagesIndividualAllocation        = false                                  {pd product} {ergonomic}
     bool UseParallelGC                            = true                                      {product} {command line}

Logging:
Log output configuration:
 #0: stdout all=off uptime,level,tags foldmultilines=false
 #1: stderr all=off uptime,level,tags foldmultilines=false

Release file:
JAVA_VERSION="21.0.9" 
MODULES="java.base java.compiler java.datatransfer java.xml java.prefs java.desktop java.instrument java.logging java.management java.security.sasl java.naming java.rmi java.management.rmi java.net.http java.scripting java.security.jgss java.transaction.xa java.sql java.sql.rowset java.xml.crypto java.se java.smartcardio jdk.accessibility jdk.internal.jvmstat jdk.attach jdk.charsets jdk.internal.opt jdk.zipfs jdk.compiler jdk.crypto.ec jdk.crypto.cryptoki jdk.crypto.mscapi jdk.dynalink jdk.internal.ed jdk.editpad jdk.hotspot.agent jdk.httpserver jdk.internal.le jdk.internal.vm.ci jdk.internal.vm.compiler jdk.internal.vm.compiler.management jdk.jartool jdk.javadoc jdk.jcmd jdk.management jdk.management.agent jdk.jconsole jdk.jdeps jdk.jdwp.agent jdk.jdi jdk.jfr jdk.jshell jdk.jsobject jdk.jstatd jdk.localedata jdk.management.jfr jdk.naming.dns jdk.naming.rmi jdk.net jdk.nio.mapmode jdk.random jdk.sctp jdk.security.auth jdk.security.jgss jdk.unsupported jdk.unsupported.desktop jdk.xml.dom" 

Environment Variables:
JAVA_HOME=C:\Program Files\Java\jdk-23
PATH=C:\app\HaimP\product\21c\dbhomeXE\bin;C:\Program Files\Common Files\Oracle\Java\javapath;C:\Python312\Scripts\;C:\Python312\;C:\WINDOWS\system32;C:\WINDOWS;C:\WINDOWS\System32\Wbem;C:\WINDOWS\System32\WindowsPowerShell\v1.0\;C:\WINDOWS\System32\OpenSSH\;C:\ProgramData\chocolatey\bin;C:\Program Files\dotnet\;C:\Program Files\Git\cmd;C:\Program Files\NVIDIA Corporation\NVIDIA App\NvDLISR;C:\Program Files (x86)\NVIDIA Corporation\PhysX\Common;C:\Program Files\Docker\Docker\resources\bin;C:\Program Files\nodejs\;C:\Users\HaimP\AppData\Local\Microsoft\WindowsApps;C:\Users\HaimP\AppData\Local\Programs\Microsoft VS Code\bin;C:\flutter\bin;C:\Program Files\Java\jdk-23\bin;C:\Program Files\apache-maven-3.9.9\bin;C:\Users\HaimP\AppData\Local\Android\Sdk\platform-tools;C:\Users\HaimP\AppData\Roaming\npm
USERNAME=HaimP
OS=Windows_NT
PROCESSOR_IDENTIFIER=Intel64 Family 6 Model 158 Stepping 13, GenuineIntel
TMP=C:\Users\HaimP\AppData\Local\Temp
TEMP=C:\Users\HaimP\AppData\Local\Temp




Periodic native trim disabled

---------------  S Y S T E M  ---------------

OS:
 Windows 11 , 64 bit Build 26100 (10.0.26100.7705)
OS uptime: 1 days 4:40 hours
Hyper-V role detected

CPU: total 8 (initial active 8) (4 cores per cpu, 2 threads per core) family 6 model 158 stepping 13 microcode 0xde, cx8, cmov, fxsr, ht, mmx, 3dnowpref, sse, sse2, sse3, ssse3, sse4.1, sse4.2, popcnt, lzcnt, tsc, tscinvbit, avx, avx2, aes, erms, clmul, bmi1, bmi2, adx, fma, vzeroupper, clflush, clflushopt, hv, rdtscp, f16c
Processor Information for the first 8 processors :
  Max Mhz: 2400, Current Mhz: 2400, Mhz Limit: 2400

Memory: 4k page, system-wide physical 8043M (579M free)
TotalPageFile size 32619M (AvailPageFile size 11M)
current process WorkingSet (physical memory assigned to process): 547M, peak: 977M
current process commit charge ("private bytes"): 1151M, peak: 1164M

vm_info: OpenJDK 64-Bit Server VM (21.0.9+10-LTS) for windows-amd64 JRE (21.0.9+10-LTS), built on 2025-10-21T00:00:00Z by "admin" with unknown MS VC++:1942

END.
